Performing C SOURCE FILE Test CMAKE_HAVE_LIBC_PTHREAD failed with the following output:
Change Dir: /abieos/build/CMakeFiles/CMakeTmp

Run Build Command(s):/usr/bin/make -f Makefile cmTC_2b983/fast && /usr/bin/make  -f CMakeFiles/cmTC_2b983.dir/build.make CMakeFiles/cmTC_2b983.dir/build
make[1]: Entering directory '/abieos/build/CMakeFiles/CMakeTmp'
Building C object CMakeFiles/cmTC_2b983.dir/src.c.o
/usr/local/bin/gcc -DCMAKE_HAVE_LIBC_PTHREAD   -o CMakeFiles/cmTC_2b983.dir/src.c.o -c /abieos/build/CMakeFiles/CMakeTmp/src.c
Linking C executable cmTC_2b983
/bin/cmake -E cmake_link_script CMakeFiles/cmTC_2b983.dir/link.txt --verbose=1
/usr/local/bin/gcc CMakeFiles/cmTC_2b983.dir/src.c.o -o cmTC_2b983 
/usr/bin/ld: CMakeFiles/cmTC_2b983.dir/src.c.o: in function `main':
src.c:(.text+0x2d): undefined reference to `pthread_create'
/usr/bin/ld: src.c:(.text+0x39): undefined reference to `pthread_detach'
/usr/bin/ld: src.c:(.text+0x45): undefined reference to `pthread_cancel'
/usr/bin/ld: src.c:(.text+0x56): undefined reference to `pthread_join'
collect2: error: ld returned 1 exit status
make[1]: *** [CMakeFiles/cmTC_2b983.dir/build.make:99: cmTC_2b983] Error 1
make[1]: Leaving directory '/abieos/build/CMakeFiles/CMakeTmp'
make: *** [Makefile:127: cmTC_2b983/fast] Error 2


Source file was:
#include <pthread.h>

static void* test_func(void* data)
{
  return data;
}

int main(void)
{
  pthread_t thread;
  pthread_create(&thread, NULL, test_func, NULL);
  pthread_detach(thread);
  pthread_cancel(thread);
  pthread_join(thread, NULL);
  pthread_atfork(NULL, NULL, NULL);
  pthread_exit(NULL);

  return 0;
}

Determining if the function pthread_create exists in the pthreads failed with the following output:
Change Dir: /abieos/build/CMakeFiles/CMakeTmp

Run Build Command(s):/usr/bin/make -f Makefile cmTC_702ce/fast && /usr/bin/make  -f CMakeFiles/cmTC_702ce.dir/build.make CMakeFiles/cmTC_702ce.dir/build
make[1]: Entering directory '/abieos/build/CMakeFiles/CMakeTmp'
Building C object CMakeFiles/cmTC_702ce.dir/CheckFunctionExists.c.o
/usr/local/bin/gcc   -DCHECK_FUNCTION_EXISTS=pthread_create -o CMakeFiles/cmTC_702ce.dir/CheckFunctionExists.c.o -c /share/cmake-3.20/Modules/CheckFunctionExists.c
Linking C executable cmTC_702ce
/bin/cmake -E cmake_link_script CMakeFiles/cmTC_702ce.dir/link.txt --verbose=1
/usr/local/bin/gcc  -DCHECK_FUNCTION_EXISTS=pthread_create CMakeFiles/cmTC_702ce.dir/CheckFunctionExists.c.o -o cmTC_702ce  -lpthreads 
/usr/bin/ld: cannot find -lpthreads
collect2: error: ld returned 1 exit status
make[1]: *** [CMakeFiles/cmTC_702ce.dir/build.make:99: cmTC_702ce] Error 1
make[1]: Leaving directory '/abieos/build/CMakeFiles/CMakeTmp'
make: *** [Makefile:127: cmTC_702ce/fast] Error 2



